<?xml version="1.0" encoding="UTF-8"?>
<!-- Generated by org.testng.reporters.JUnitReportReporter -->
<testsuite hostname="DESKTOP-63B18AU" failures="0" tests="3" name="KongaWebSigninTest" time="58.158" errors="0" timestamp="2022-12-08T04:54:55 GMT-08:00" skipped="0">
  <testcase classname="KongaWebSigninTest" name="positiveSignup" time="23.912"/>
  <system-out/>
  <testcase classname="KongaWebSigninTest" name="logoutSuccessfully" time="20.800"/>
  <system-out/>
  <testcase classname="KongaWebSigninTest" name="negativeUsernameSignin" time="13.446"/>
  <system-out/>
</testsuite> <!-- KongaWebSigninTest -->
